[debug] [2019-08-31T13:12:01.519Z] ----------------------------------------------------------------------
[debug] [2019-08-31T13:12:01.526Z] Command:       C:\Program Files\nodejs\node.exe C:\Users\iamco\AppData\Roaming\npm\node_modules\firebase-tools\lib\bin\firebase.js init
[debug] [2019-08-31T13:12:01.527Z] CLI Version:   7.3.0
[debug] [2019-08-31T13:12:01.527Z] Platform:      win32
[debug] [2019-08-31T13:12:01.527Z] Node Version:  v10.16.1
[debug] [2019-08-31T13:12:01.533Z] Time:          Sat Aug 31 2019 16:12:01 GMT+0300 (Eastern European Summer Time)
[debug] [2019-08-31T13:12:01.533Z] ----------------------------------------------------------------------
[debug] 
[debug] [2019-08-31T13:12:01.555Z] > command requires scopes: ["email","openid","https://www.googleapis.com/auth/cloudplatformprojects.readonly","https://www.googleapis.com/auth/firebase","https://www.googleapis.com/auth/cloud-platform"]
[debug] [2019-08-31T13:12:01.557Z] > authorizing via signed-in user
[info] 
     ######## #### ########  ######## ########     ###     ######  ########
     ##        ##  ##     ## ##       ##     ##  ##   ##  ##       ##
     ######    ##  ########  ######   ########  #########  ######  ######
     ##        ##  ##    ##  ##       ##     ## ##     ##       ## ##
     ##       #### ##     ## ######## ########  ##     ##  ######  ########

You're about to initialize a Firebase project in this directory:

  C:\Users\iamco\Documents\GitHub\lybra

[debug] [2019-08-31T13:13:26.189Z] Error: kill ENOSYS
    at process.kill (internal/process/per_thread.js:198:13)
    at process.listener (C:\Users\iamco\AppData\Roaming\npm\node_modules\firebase-tools\node_modules\signal-exit\index.js:95:15)
    at process.emit (events.js:198:13)
[error] 
[error] Error: An unexpected error has occurred.
